Unexpected devicectl JSON version output from devicectl. Connecting to physical Apple devices may not work as expected.
› Using --device 28D64881-63DE-4D30-BAB8-A70C7B03CE57
› Planning build
› Executing react-native Pods/hermes-engine » [CP-User] [Hermes] Replace Hermes for the right configuration, if needed
› Executing react-native Pods/ReactNativeDependencies » [CP-User] [RNDeps] Replace React Native Dependencies for the right configuration, if needed
› Copying   lottie-react-native/Lottie_React_Native_Privacy.bundle/PrivacyInfo.xcprivacy ➜ node_modules/lottie-react-native/ios/PrivacyInfo.xcprivacy
› Preparing Pods/lottie-react-native-Lottie_React_Native_Privacy » ResourceBundle-Lottie_React_Native_Privacy-lottie-react-native-Info.plist
› Preparing Pods/lottie-ios-LottiePrivacyInfo » ResourceBundle-LottiePrivacyInfo-lottie-ios-Info.plist
› Copying   lottie-ios/LottiePrivacyInfo.bundle/PrivacyInfo.xcprivacy ➜ ios/Pods/lottie-ios/Sources/PrivacyInfo.xcprivacy
› Preparing Pods/expo-dev-menu-EXDevMenu » ResourceBundle-EXDevMenu-expo-dev-menu-Info.plist
› Creating  Pods/lottie-react-native-Lottie_React_Native_Privacy » Lottie_React_Native_Privacy.bundle
› Creating  Pods/lottie-ios-LottiePrivacyInfo » LottiePrivacyInfo.bundle
› Preparing expo-image Pods/SDWebImage-SDWebImage » ResourceBundle-SDWebImage-SDWebImage-Info.plist
› Copying   expo-image SDWebImage/SDWebImage.bundle/PrivacyInfo.xcprivacy ➜ ios/Pods/SDWebImage/WebImage/PrivacyInfo.xcprivacy
› Preparing Pods/React-cxxreact-React-cxxreact_privacy » ResourceBundle-React-cxxreact_privacy-React-cxxreact-Info.plist
› Copying   React-cxxreact/React-cxxreact_privacy.bundle/PrivacyInfo.xcprivacy ➜ node_modules/react-native/ReactCommon/cxxreact/PrivacyInfo.xcprivacy
› Preparing Pods/React-Core-React-Core_privacy » ResourceBundle-React-Core_privacy-React-Core-Info.plist
› Copying   React-Core/React-Core_privacy.bundle/PrivacyInfo.xcprivacy ➜ node_modules/react-native/React/Resources/PrivacyInfo.xcprivacy
› Preparing Pods/RNCAsyncStorage-RNCAsyncStorage_resources » ResourceBundle-RNCAsyncStorage_resources-RNCAsyncStorage-Info.plist
› Copying   RNCAsyncStorage/RNCAsyncStorage_resources.bundle/PrivacyInfo.xcprivacy ➜ node_modules/@react-native-async-storage/async-storage/ios/PrivacyInfo.xcprivacy
› Executing react-native Pods/ReactNativeDependencies » [CP] Copy XCFrameworks
› Preparing Pods/ExpoFileSystem-ExpoFileSystem_privacy » ResourceBundle-ExpoFileSystem_privacy-ExpoFileSystem-Info.plist
› Copying   ExpoFileSystem/ExpoFileSystem_privacy.bundle/PrivacyInfo.xcprivacy ➜ node_modules/expo/node_modules/expo-file-system/ios/PrivacyInfo.xcprivacy
› Creating  expo-image Pods/SDWebImage-SDWebImage » SDWebImage.bundle
› Creating  Pods/React-cxxreact-React-cxxreact_privacy » React-cxxreact_privacy.bundle
› Creating  Pods/React-Core-React-Core_privacy » React-Core_privacy.bundle
› Preparing Pods/EXConstants-ExpoConstants_privacy » ResourceBundle-ExpoConstants_privacy-EXConstants-Info.plist
› Copying   EXConstants/ExpoConstants_privacy.bundle/PrivacyInfo.xcprivacy ➜ node_modules/expo-constants/ios/PrivacyInfo.xcprivacy
› Creating  Pods/RNCAsyncStorage-RNCAsyncStorage_resources » RNCAsyncStorage_resources.bundle
› Preparing expo-constants Pods/EXConstants-EXConstants » ResourceBundle-EXConstants-EXConstants-Info.plist
› Creating  Pods/expo-dev-menu-EXDevMenu » EXDevMenu.bundle
› Creating  Pods/ExpoFileSystem-ExpoFileSystem_privacy » ExpoFileSystem_privacy.bundle
› Creating  Pods/EXConstants-ExpoConstants_privacy » ExpoConstants_privacy.bundle
› Creating  expo-constants Pods/EXConstants-EXConstants » EXConstants.bundle
› Executing react-native Pods/hermes-engine » [CP] Copy XCFrameworks
› Executing react-native Pods/React-Core-prebuilt » [CP-User] [RNDeps] Replace React Native Core for the right configuration, if needed
› Executing react-native Pods/React-Core-prebuilt » [CP] Copy XCFrameworks
› Executing react-native Pods/React-RCTFBReactNativeSpec » [CP-User] [RN]Check FBReactNativeSpec
› Executing pet-to-you-mobile Pods/ReactCodegen » [CP-User] Generate Specs
› Preparing Pods/expo-dev-launcher-EXDevLauncher » ResourceBundle-EXDevLauncher-expo-dev-launcher-Info.plist
› Creating  Pods/expo-dev-launcher-EXDevLauncher » EXDevLauncher.bundle
› Compiling react-native-safe-area-context Pods/react-native-safe-area-context » RNCSafeAreaViewState.cpp
› Compiling react-native-safe-area-context Pods/react-native-safe-area-context » RNCSafeAreaViewShadowNode.cpp
› Compiling react-native-safe-area-context Pods/react-native-safe-area-context » RNCSafeAreaViewComponentView.mm
› Compiling react-native-safe-area-context Pods/react-native-safe-area-context » RNCSafeAreaProviderComponentView.mm
› Compiling react-native-safe-area-context Pods/react-native-safe-area-context » RNCSafeAreaContext.mm
› Compiling pet-to-you-mobile Pods/ReactCodegen » safeareacontextJSI-generated.cpp
› Compiling pet-to-you-mobile Pods/ReactCodegen » safeareacontext-generated.mm
› Compiling pet-to-you-mobile Pods/ReactCodegen » rnworkletsJSI-generated.cpp
› Compiling pet-to-you-mobile Pods/ReactCodegen » rnworklets-generated.mm
› Compiling pet-to-you-mobile Pods/ReactCodegen » rnscreensJSI-generated.cpp
› Compiling pet-to-you-mobile Pods/ReactCodegen » rnscreens-generated.mm
› Compiling pet-to-you-mobile Pods/ReactCodegen » rnreanimatedJSI-generated.cpp
› Compiling pet-to-you-mobile Pods/ReactCodegen » rnreanimated-generated.mm
› Compiling pet-to-you-mobile Pods/ReactCodegen » rngesturehandler_codegenJSI-generated.cpp
› Compiling pet-to-you-mobile Pods/ReactCodegen » rngesturehandler_codegen-generated.mm
› Compiling pet-to-you-mobile Pods/ReactCodegen » rnasyncstorageJSI-generated.cpp
› Compiling pet-to-you-mobile Pods/ReactCodegen » rnasyncstorage-generated.mm
› Compiling pet-to-you-mobile Pods/ReactCodegen » States.cpp
› Compiling pet-to-you-mobile Pods/ReactCodegen » States.cpp
› Compiling pet-to-you-mobile Pods/ReactCodegen » States.cpp
› Compiling pet-to-you-mobile Pods/ReactCodegen » States.cpp
› Compiling pet-to-you-mobile Pods/ReactCodegen » ShadowNodes.cpp
› Compiling pet-to-you-mobile Pods/ReactCodegen » ShadowNodes.cpp
› Compiling pet-to-you-mobile Pods/ReactCodegen » ShadowNodes.cpp
› Compiling pet-to-you-mobile Pods/ReactCodegen » ShadowNodes.cpp
› Compiling pet-to-you-mobile Pods/ReactCodegen » RCTUnstableModulesRequiringMainQueueSetupProvider.mm
› Compiling pet-to-you-mobile Pods/ReactCodegen » RCTThirdPartyComponentsProvider.mm
› Compiling pet-to-you-mobile Pods/ReactCodegen » RCTModulesConformingToProtocolsProvider.mm
› Compiling pet-to-you-mobile Pods/ReactCodegen » RCTModuleProviders.mm
› Compiling pet-to-you-mobile Pods/ReactCodegen » Props.cpp
› Compiling pet-to-you-mobile Pods/ReactCodegen » Props.cpp
› Compiling pet-to-you-mobile Pods/ReactCodegen » Props.cpp
› Compiling pet-to-you-mobile Pods/ReactCodegen » Props.cpp
› Compiling pet-to-you-mobile Pods/ReactCodegen » EventEmitters.cpp
› Compiling pet-to-you-mobile Pods/ReactCodegen » EventEmitters.cpp
› Compiling pet-to-you-mobile Pods/ReactCodegen » EventEmitters.cpp
› Compiling pet-to-you-mobile Pods/ReactCodegen » EventEmitters.cpp
› Compiling pet-to-you-mobile Pods/ReactCodegen » ComponentDescriptors.cpp
› Compiling pet-to-you-mobile Pods/ReactCodegen » ComponentDescriptors.cpp
› Compiling pet-to-you-mobile Pods/ReactCodegen » ComponentDescriptors.cpp
› Compiling pet-to-you-mobile Pods/ReactCodegen » ComponentDescriptors.cpp
› Compiling pet-to-you-mobile Pods/ReactAppDependencyProvider » RCTAppDependencyProvider.mm
› Compiling react-native-worklets Pods/RNWorklets » WorkletsVersion.cpp
› Compiling react-native-worklets Pods/RNWorklets » WorkletsModuleProxy.cpp
› Compiling react-native-worklets Pods/RNWorklets » WorkletsModule.mm
› Compiling react-native-worklets Pods/RNWorklets » WorkletsMessageThread.mm
› Compiling react-native-worklets Pods/RNWorklets » WorkletsJSIUtils.cpp
› Compiling react-native-worklets Pods/RNWorklets » WorkletRuntimeRegistry.cpp
› Compiling react-native-worklets Pods/RNWorklets » WorkletRuntimeDecorator.cpp
› Compiling react-native-worklets Pods/RNWorklets » WorkletRuntime.cpp
› Compiling react-native-worklets Pods/RNWorklets » WorkletHermesRuntime.cpp
› Compiling react-native-worklets Pods/RNWorklets » WorkletEventHandler.cpp
› Compiling react-native-worklets Pods/RNWorklets » VersionUtils.cpp
› Compiling react-native-worklets Pods/RNWorklets » ValueUnpacker.cpp
› Compiling react-native-worklets Pods/RNWorklets » UIScheduler.cpp
› Compiling react-native-worklets Pods/RNWorklets » UIRuntimeDecorator.cpp
› Compiling react-native-worklets Pods/RNWorklets » SynchronizableUnpacker.cpp
› Compiling react-native-worklets Pods/RNWorklets » SynchronizableAccess.cpp
› Compiling react-native-worklets Pods/RNWorklets » Synchronizable.cpp
› Compiling react-native-worklets Pods/RNWorklets » SlowAnimations.mm
› Compiling react-native-worklets Pods/RNWorklets » Serializable.cpp
› Compiling react-native-worklets Pods/RNWorklets » RuntimeManager.cpp
› Compiling react-native-worklets Pods/RNWorklets » RuntimeData.cpp
› Compiling react-native-worklets Pods/RNWorklets » RNRuntimeWorkletDecorator.cpp
› Compiling react-native-worklets Pods/RNWorklets » PlatformLogger.mm
› Compiling react-native-worklets Pods/RNWorklets » MemoryManager.cpp
› Compiling react-native-worklets Pods/RNWorklets » JSScheduler.cpp
› Compiling react-native-worklets Pods/RNWorklets » JSLogger.cpp
› Compiling react-native-worklets Pods/RNWorklets » JSIWorkletsModuleProxy.cpp
› Compiling react-native-worklets Pods/RNWorklets » JSISerializer.cpp
› Compiling react-native-worklets Pods/RNWorklets » IOSUIScheduler.mm
› Compiling react-native-worklets Pods/RNWorklets » FeatureFlags.cpp
› Compiling react-native-worklets Pods/RNWorklets » EventLoop.cpp
› Compiling react-native-worklets Pods/RNWorklets » EventHandlerRegistry.cpp
› Compiling react-native-worklets Pods/RNWorklets » CustomSerializableUnpacker.cpp
› Compiling react-native-worklets Pods/RNWorklets » AsyncQueueImpl.cpp
› Compiling react-native-worklets Pods/RNWorklets » AnimationFrameQueue.mm
› Compiling react-native-worklets Pods/RNWorklets » AnimationFrameBatchinator.cpp
› Compiling react-native-screens Pods/RNScreens » UIWindow+RNScreens.mm
› Compiling react-native-screens Pods/RNScreens » UIViewController+RNScreens.mm
› Compiling react-native-screens Pods/RNScreens » UIView+RNSUtility.mm
› Compiling react-native-screens Pods/RNScreens » UIScrollView+RNScreens.mm
› Compiling react-native-screens Pods/RNScreens » UINavigationBar+RNSUtility.mm
› Compiling react-native-screens Pods/RNScreens » RNScreensTurboModule.cpp
› Compiling react-native-screens Pods/RNScreens » RNSViewControllerInvalidator.mm
› Compiling react-native-screens Pods/RNScreens » RNSTabsScreenViewController.mm
› Compiling react-native-screens Pods/RNScreens » RNSTabBarControllerDelegate.mm
› Compiling react-native-screens Pods/RNScreens » RNSTabBarController.mm
› Compiling react-native-screens Pods/RNScreens » RNSTabBarAppearanceCoordinator.mm
› Compiling react-native-screens Pods/RNScreens » RNSSplitViewScreenShadowNode.cpp
› Compiling react-native-screens Pods/RNScreens » RNSSearchBar.mm
› Compiling react-native-screens Pods/RNScreens » RNSScrollViewHelper.mm
› Compiling react-native-screens Pods/RNScreens » RNSScrollViewFinder.mm
› Compiling react-native-screens Pods/RNScreens » RNSScreenWindowTraits.mm
› Compiling react-native-screens Pods/RNScreens » RNSScreenViewEvent.mm
› Compiling react-native-screens Pods/RNScreens » RNSScreenState.cpp
› Compiling react-native-screens Pods/RNScreens » RNSScreenStackHeaderSubviewState.cpp
› Compiling react-native-screens Pods/RNScreens » RNSScreenStackHeaderSubviewShadowNode.cpp
› Compiling react-native-screens Pods/RNScreens » RNSScreenStackHeaderSubview.mm
› Compiling react-native-screens Pods/RNScreens » RNSScreenStackHeaderConfigState.cpp
› Compiling react-native-screens Pods/RNScreens » RNSScreenStackHeaderConfigShadowNode.cpp
› Compiling react-native-screens Pods/RNScreens » RNSScreenStackHeaderConfig.mm
› Compiling react-native-screens Pods/RNScreens » RNSScreenStackAnimator.mm
› Compiling react-native-screens Pods/RNScreens » RNSScreenStack.mm
› Compiling react-native-screens Pods/RNScreens » RNSScreenShadowNode.cpp
› Compiling react-native-screens Pods/RNScreens » RNSScreenRemovalListener.cpp
› Compiling react-native-screens Pods/RNScreens » RNSScreenNavigationContainer.mm
› Compiling react-native-screens Pods/RNScreens » RNSScreenFooter.mm
› Compiling react-native-screens Pods/RNScreens » RNSScreenContentWrapper.mm
› Compiling react-native-screens Pods/RNScreens » RNSScreenContainer.mm
› Compiling react-native-screens Pods/RNScreens » RNSScreen.mm
› Compiling react-native-screens Pods/RNScreens » RNSReactBaseView.mm
› Compiling react-native-screens Pods/RNScreens » RNSPercentDrivenInteractiveTransition.mm
› Compiling react-native-screens Pods/RNScreens » RNSModule.mm
› Compiling react-native-screens Pods/RNScreens » RNSModalScreenShadowNode.cpp
› Compiling react-native-screens Pods/RNScreens » RNSModalScreen.mm
› Compiling react-native-screens Pods/RNScreens » RNSInvalidatedComponentsRegistry.mm
› Compiling react-native-screens Pods/RNScreens » RNSHeaderHeightChangeEvent.mm
› Compiling react-native-screens Pods/RNScreens » RNSGammaStubs.mm
› Compiling react-native-screens Pods/RNScreens » RNSFullWindowOverlayShadowNode.cpp
› Compiling react-native-screens Pods/RNScreens » RNSFullWindowOverlay.mm
› Compiling react-native-screens Pods/RNScreens » RNSConvert.mm
› Compiling react-native-screens Pods/RNScreens » RNSConversions.mm
› Compiling react-native-screens Pods/RNScreens » RNSConversions-SplitView.mm
› Compiling react-native-screens Pods/RNScreens » RNSConversions-Fabric.mm
› Compiling react-native-screens Pods/RNScreens » RNSConversions-BottomTabs.mm
› Compiling react-native-screens Pods/RNScreens » RNSBottomTabsState.cpp
› Compiling react-native-screens Pods/RNScreens » RNSBottomTabsShadowNode.cpp
› Compiling react-native-screens Pods/RNScreens » RNSBottomTabsScreenEventEmitter.mm
› Compiling react-native-screens Pods/RNScreens » RNSBottomTabsScreenComponentViewManager.mm
› Compiling react-native-screens Pods/RNScreens » RNSBottomTabsScreenComponentView.mm
› Compiling react-native-screens Pods/RNScreens » RNSBottomTabsHostEventEmitter.mm
› Compiling react-native-screens Pods/RNScreens » RNSBottomTabsHostComponentViewManager.mm
› Compiling react-native-screens Pods/RNScreens » RNSBottomTabsHostComponentView.mm
› Compiling react-native-screens Pods/RNScreens » RNSBottomTabsHostComponentView+RNSImageLoader.mm
› Compiling react-native-screens Pods/RNScreens » RNSBackBarButtonItem.mm
› Compiling react-native-screens Pods/RNScreens » RCTTouchHandler+RNSUtility.mm
› Compiling react-native-screens Pods/RNScreens » RCTSurfaceTouchHandler+RNSUtility.mm
› Compiling react-native-screens Pods/RNScreens » RCTImageComponentView+RNSScreenStackHeaderConfig.mm
› Compiling react-native-screens Pods/RNScreens » RCTConvert+RNScreens.mm
› Compiling react-native-screens Pods/RNScreens » RCTConvert+RNSBottomTabs.mm
› Compiling react-native-screens Pods/RNScreens » NSString+RNSUtility.mm
› Compiling react-native-reanimated Pods/RNReanimated » vectors.cpp
› Compiling react-native-reanimated Pods/RNReanimated » steps.cpp
› Compiling react-native-reanimated Pods/RNReanimated » props.cpp
› Compiling react-native-reanimated Pods/RNReanimated » matrix.cpp
› Compiling react-native-reanimated Pods/RNReanimated » linear.cpp
› Compiling react-native-reanimated Pods/RNReanimated » keyframes.cpp
› Compiling react-native-reanimated Pods/RNReanimated » interpolators.cpp
› Compiling react-native-reanimated Pods/RNReanimated » cubicBezier.cpp
› Compiling react-native-reanimated Pods/RNReanimated » common.cpp
› Compiling react-native-reanimated Pods/RNReanimated » algorithms.cpp
› Compiling react-native-reanimated Pods/RNReanimated » ViewStylesRepository.cpp
› Compiling react-native-reanimated Pods/RNReanimated » ValueInterpolator.cpp
› Compiling react-native-reanimated Pods/RNReanimated » UpdatesRegistryManager.cpp
› Compiling react-native-reanimated Pods/RNReanimated » UpdatesRegistry.cpp
› Compiling react-native-reanimated Pods/RNReanimated » UIRuntimeDecorator.cpp
› Compiling react-native-reanimated Pods/RNReanimated » TransitionStyleInterpolator.cpp
› Compiling react-native-reanimated Pods/RNReanimated » TransitionProgressProvider.cpp
› Compiling react-native-reanimated Pods/RNReanimated » TransformsStyleInterpolator.cpp
› Compiling react-native-reanimated Pods/RNReanimated » TransformOperationInterpolator.cpp
› Compiling react-native-reanimated Pods/RNReanimated » TransformOperation.cpp
› Compiling react-native-reanimated Pods/RNReanimated » TransformOp.cpp
› Compiling react-native-reanimated Pods/RNReanimated » TransformMatrix3D.cpp
› Compiling react-native-reanimated Pods/RNReanimated » TransformMatrix2D.cpp
› Compiling react-native-reanimated Pods/RNReanimated » StaticPropsRegistry.cpp
› Compiling react-native-reanimated Pods/RNReanimated » SimpleValueInterpolator.cpp
› Compiling react-native-reanimated Pods/RNReanimated » ShadowTreeCloner.cpp
› Compiling react-native-reanimated Pods/RNReanimated » SetGestureState.mm
› Compiling react-native-reanimated Pods/RNReanimated » SVGStrokeDashArray.cpp
› Compiling react-native-reanimated Pods/RNReanimated » SVGLength.cpp
› Compiling react-native-reanimated Pods/RNReanimated » ResolvableValueInterpolator.cpp
› Compiling react-native-reanimated Pods/RNReanimated » RecordPropertiesInterpolator.cpp
› Compiling react-native-reanimated Pods/RNReanimated » ReanimatedVersion.cpp
› Compiling react-native-reanimated Pods/RNReanimated » ReanimatedMountHook.cpp
› Compiling react-native-reanimated Pods/RNReanimated » ReanimatedModuleProxySpec.cpp
› Compiling react-native-reanimated Pods/RNReanimated » ReanimatedModuleProxy.cpp
› Compiling react-native-reanimated Pods/RNReanimated » ReanimatedModule.mm
› Compiling react-native-reanimated Pods/RNReanimated » ReanimatedCommitHook.cpp
› Compiling react-native-reanimated Pods/RNReanimated » RawProgressProvider.cpp
› Compiling react-native-reanimated Pods/RNReanimated » RNRuntimeDecorator.cpp
› Compiling react-native-reanimated Pods/RNReanimated » REASlowAnimations.mm
› Compiling react-native-reanimated Pods/RNReanimated » REANodesManager.mm
› Compiling react-native-reanimated Pods/RNReanimated » REAKeyboardEventObserver.mm
› Compiling react-native-reanimated Pods/RNReanimated » Quaternion.cpp
› Compiling react-native-reanimated Pods/RNReanimated » PropertyInterpolator.cpp
› Compiling react-native-reanimated Pods/RNReanimated » PropValueProcessor.cpp
› Compiling react-native-reanimated Pods/RNReanimated » PlatformDepMethodsHolderImpl.mm
› Compiling react-native-reanimated Pods/RNReanimated » NativeProxy.mm
› Compiling react-native-reanimated Pods/RNReanimated » LayoutAnimationsUtils.cpp
› Compiling react-native-reanimated Pods/RNReanimated » LayoutAnimationsProxy.cpp
› Compiling react-native-reanimated Pods/RNReanimated » LayoutAnimationsManager.cpp
› Compiling react-native-reanimated Pods/RNReanimated » InterpolatorRegistry.cpp
› Compiling react-native-reanimated Pods/RNReanimated » InterpolatorFactory.cpp
› Compiling react-native-reanimated Pods/RNReanimated » GroupPropertiesInterpolator.cpp
› Compiling react-native-reanimated Pods/RNReanimated » FeatureFlags.cpp
› Compiling react-native-reanimated Pods/RNReanimated » EasingFunctions.cpp
› Compiling react-native-reanimated Pods/RNReanimated » DelayedItemsManager.cpp
› Compiling react-native-reanimated Pods/RNReanimated » CSSValueVariant.cpp
› Compiling react-native-reanimated Pods/RNReanimated » CSSTransitionsRegistry.cpp
› Compiling react-native-reanimated Pods/RNReanimated » CSSTransitionConfig.cpp
› Compiling react-native-reanimated Pods/RNReanimated » CSSTransition.cpp
› Compiling react-native-reanimated Pods/RNReanimated » CSSNumber.cpp
› Compiling react-native-reanimated Pods/RNReanimated » CSSLength.cpp
› Compiling react-native-reanimated Pods/RNReanimated » CSSKeyword.cpp
› Compiling react-native-reanimated Pods/RNReanimated » CSSKeyframesRegistry.cpp
› Compiling react-native-reanimated Pods/RNReanimated » CSSKeyframesConfig.cpp
› Compiling react-native-reanimated Pods/RNReanimated » CSSDiscreteArray.cpp
› Compiling react-native-reanimated Pods/RNReanimated » CSSColor.cpp
› Compiling react-native-reanimated Pods/RNReanimated » CSSBoolean.cpp
› Compiling react-native-reanimated Pods/RNReanimated » CSSAnimationsRegistry.cpp
› Compiling react-native-reanimated Pods/RNReanimated » CSSAnimationConfig.cpp
› Compiling react-native-reanimated Pods/RNReanimated » CSSAnimation.cpp
› Compiling react-native-reanimated Pods/RNReanimated » CSSAngle.cpp
› Compiling react-native-reanimated Pods/RNReanimated » ArrayPropertiesInterpolator.cpp
› Compiling react-native-reanimated Pods/RNReanimated » AnimationProgressProvider.cpp
› Compiling react-native-reanimated Pods/RNReanimated » AnimatedSensorModule.cpp
› Compiling react-native-reanimated Pods/RNReanimated » AnimatedPropsRegistry.cpp
› Compiling react-native-gesture-handler Pods/RNGestureHandler » RNNativeViewHandler.mm
› Compiling react-native-gesture-handler Pods/RNGestureHandler » RNGestureHandlerRootViewComponentView.mm
› Compiling react-native-gesture-handler Pods/RNGestureHandler » RNGestureHandlerModule.mm
› Compiling react-native-gesture-handler Pods/RNGestureHandler » RNGestureHandlerManager.mm
› Compiling react-native-gesture-handler Pods/RNGestureHandler » RNGestureHandlerButtonManager.mm
› Compiling react-native-gesture-handler Pods/RNGestureHandler » RNGestureHandlerButtonComponentView.mm
› Compiling react-native-gesture-handler Pods/RNGestureHandler » RNGestureHandlerButton.mm
› Compiling react-native-gesture-handler Pods/RNGestureHandler » RNGestureHandler.mm
› Compiling @react-native-async-storage/async-storage Pods/RNCAsyncStorage » RNCAsyncStorage.mm
› Compiling react-native-safe-area-context Pods/react-native-safe-area-context » RNCSafeAreaViewMode.m
› Compiling react-native-safe-area-context Pods/react-native-safe-area-context » RNCSafeAreaViewManager.m
› Compiling react-native-safe-area-context Pods/react-native-safe-area-context » RNCSafeAreaViewLocalData.m
› Compiling react-native-safe-area-context Pods/react-native-safe-area-context » RNCSafeAreaViewEdges.m
› Compiling react-native-safe-area-context Pods/react-native-safe-area-context » RNCSafeAreaViewEdgeMode.m
› Compiling react-native-safe-area-context Pods/react-native-safe-area-context » RNCSafeAreaView.m
› Compiling react-native-safe-area-context Pods/react-native-safe-area-context » RNCSafeAreaUtils.m
› Compiling react-native-safe-area-context Pods/react-native-safe-area-context » RNCSafeAreaShadowView.m
› Compiling react-native-safe-area-context Pods/react-native-safe-area-context » RNCSafeAreaProviderManager.m
› Compiling react-native-safe-area-context Pods/react-native-safe-area-context » RNCSafeAreaProvider.m
› Compiling react-native-safe-area-context Pods/react-native-safe-area-context » RNCOnInsetsChangeEvent.m
› Compiling react-native-safe-area-context Pods/react-native-safe-area-context » react-native-safe-area-context-dummy.m
› Compiling expo-image Pods/libwebp » sharpyuv_csp.c
› Compiling expo-image Pods/libwebp » yuv_sse41.c
› Compiling expo-image Pods/libwebp » yuv_sse2.c
› Compiling expo-image Pods/libwebp » yuv_mips_dsp_r2.c
› Compiling expo-image Pods/libwebp » yuv_mips32.c
› Compiling expo-image Pods/libwebp » upsampling_sse41.c
› Compiling expo-image Pods/libwebp » upsampling_sse2.c
› Compiling expo-image Pods/libwebp » upsampling_msa.c
› Compiling expo-image Pods/libwebp » upsampling_mips_dsp_r2.c
› Compiling expo-image Pods/libwebp » upsampling.c
› Compiling expo-image Pods/libwebp » tree_enc.c
› Compiling expo-image Pods/libwebp » tree_dec.c
› Compiling expo-image Pods/libwebp » thread_utils.c
› Compiling expo-image Pods/libwebp » syntax_enc.c
› Compiling expo-image Pods/libwebp » ssim_sse2.c
› Compiling expo-image Pods/libwebp » sharpyuv_sse2.c
› Compiling expo-image Pods/libwebp » sharpyuv_gamma.c
› Compiling expo-image Pods/libwebp » sharpyuv_cpu.c
› Compiling expo-image Pods/libwebp » rescaler_sse2.c
› Compiling expo-image Pods/libwebp » rescaler_msa.c
› Compiling expo-image Pods/libwebp » rescaler_mips_dsp_r2.c
› Compiling expo-image Pods/libwebp » rescaler_mips32.c
› Compiling expo-image Pods/libwebp » rescaler.c
› Compiling expo-image Pods/libwebp » random_utils.c
› Compiling expo-image Pods/libwebp » quant_levels_dec_utils.c
› Compiling expo-image Pods/libwebp » quant_dec.c
› Compiling expo-image Pods/libwebp » picture_tools_enc.c
› Compiling expo-image Pods/libwebp » yuv.c
› Compiling expo-image Pods/libwebp » webp_enc.c
› Compiling expo-image Pods/libwebp » webp_dec.c
› Compiling expo-image Pods/libwebp » vp8l_enc.c
› Compiling expo-image Pods/libwebp » vp8l_dec.c
› Compiling expo-image Pods/libwebp » vp8_dec.c
› Compiling expo-image Pods/libwebp » yuv_neon.c
› Compiling expo-image Pods/libwebp » utils.c
› Compiling expo-image Pods/libwebp » upsampling_neon.c
› Compiling expo-image Pods/libwebp » token_enc.c
› Compiling expo-image Pods/libwebp » ssim.c
› Compiling expo-image Pods/libwebp » sharpyuv_neon.c
› Compiling expo-image Pods/libwebp » sharpyuv_dsp.c
› Compiling expo-image Pods/libwebp » sharpyuv.c
› Compiling expo-image Pods/libwebp » rescaler_utils.c
› Compiling expo-image Pods/libwebp » rescaler_neon.c
› Compiling expo-image Pods/libwebp » quant_levels_utils.c
› Compiling expo-image Pods/libwebp » quant_enc.c
› Compiling expo-image Pods/libwebp » predictor_enc.c
› Compiling expo-image Pods/libwebp » picture_rescale_enc.c
› Compiling expo-image Pods/libwebp » picture_psnr_enc.c
› Compiling expo-image Pods/libwebp » picture_enc.c
› Compiling expo-image Pods/libwebp » picture_csp_enc.c
› Compiling expo-image Pods/libwebp » palette.c
› Compiling expo-image Pods/libwebp » near_lossless_enc.c
› Compiling expo-image Pods/libwebp » muxread.c
› Compiling expo-image Pods/libwebp » muxinternal.c
› Compiling expo-image Pods/libwebp » muxedit.c
› Compiling expo-image Pods/libwebp » lossless_sse41.c
› Compiling expo-image Pods/libwebp » lossless_sse2.c
› Compiling expo-image Pods/libwebp » lossless_neon.c
› Compiling expo-image Pods/libwebp » lossless_msa.c
› Compiling expo-image Pods/libwebp » lossless_mips_dsp_r2.c
› Compiling expo-image Pods/libwebp » lossless_enc_sse41.c
› Compiling expo-image Pods/libwebp » lossless_enc_sse2.c
› Compiling expo-image Pods/libwebp » lossless_enc_neon.c
› Compiling expo-image Pods/libwebp » lossless_enc_msa.c
› Compiling expo-image Pods/libwebp » lossless_enc_mips_dsp_r2.c
› Compiling expo-image Pods/libwebp » lossless_enc_mips32.c
› Compiling expo-image Pods/libwebp » lossless_enc.c
› Compiling expo-image Pods/libwebp » lossless.c
› Compiling expo-image Pods/libwebp » iterator_enc.c
› Compiling expo-image Pods/libwebp » io_dec.c
› Compiling expo-image Pods/libwebp » idec_dec.c
› Compiling expo-image Pods/libwebp » huffman_utils.c
› Compiling expo-image Pods/libwebp » huffman_encode_utils.c
› Compiling expo-image Pods/libwebp » histogram_enc.c
› Compiling expo-image Pods/libwebp » frame_enc.c
› Compiling expo-image Pods/libwebp » frame_dec.c
› Compiling expo-image Pods/libwebp » filters_utils.c
› Compiling expo-image Pods/libwebp » filters_sse2.c
› Compiling expo-image Pods/libwebp » filters_msa.c
› Compiling expo-image Pods/libwebp » filters_neon.c
› Compiling expo-image Pods/libwebp » filters_mips_dsp_r2.c
› Compiling expo-image Pods/libwebp » filters.c
› Compiling expo-image Pods/libwebp » libwebp-dummy.m
› Compiling expo-image Pods/libwebp » filter_enc.c
› Compiling expo-image Pods/libwebp » enc_sse41.c
› Compiling expo-image Pods/libwebp » enc_sse2.c
› Compiling expo-image Pods/libwebp » enc_neon.c
› Compiling expo-image Pods/libwebp » enc_msa.c
› Compiling expo-image Pods/libwebp » enc_mips32.c
› Compiling expo-image Pods/libwebp » enc_mips_dsp_r2.c
› Compiling expo-image Pods/libwebp » enc.c
› Compiling expo-image Pods/libwebp » demux.c
› Compiling expo-image Pods/libwebp » dec_sse41.c
› Compiling expo-image Pods/libwebp » dec_sse2.c
› Compiling expo-image Pods/libwebp » dec_neon.c
› Compiling expo-image Pods/libwebp » dec_msa.c
› Compiling expo-image Pods/libwebp » dec_mips_dsp_r2.c
› Compiling expo-image Pods/libwebp » dec_mips32.c
› Compiling expo-image Pods/libwebp » dec_clip_tables.c
› Compiling expo-image Pods/libwebp » dec.c
› Compiling expo-image Pods/libwebp » cpu.c
› Compiling expo-image Pods/libwebp » cost_sse2.c
› Compiling expo-image Pods/libwebp » cost_neon.c
› Compiling expo-image Pods/libwebp » cost_mips_dsp_r2.c
› Compiling expo-image Pods/libwebp » cost_mips32.c
› Compiling expo-image Pods/libwebp » cost_enc.c
› Compiling expo-image Pods/libwebp » cost.c
› Compiling expo-image Pods/libwebp » config_enc.c
› Compiling expo-image Pods/libwebp » color_cache_utils.c
› Compiling expo-image Pods/libwebp » buffer_dec.c
› Compiling expo-image Pods/libwebp » bit_writer_utils.c
› Compiling expo-image Pods/libwebp » bit_reader_utils.c
› Compiling expo-image Pods/libwebp » backward_references_enc.c
› Compiling expo-image Pods/libwebp » backward_references_cost_enc.c
› Compiling expo-image Pods/libwebp » anim_decode.c
› Compiling expo-image Pods/libwebp » anim_encode.c
› Compiling expo-image Pods/libwebp » analysis_enc.c
› Compiling expo-image Pods/libwebp » alpha_processing_sse41.c
› Compiling expo-image Pods/libwebp » alpha_processing_sse2.c
› Compiling expo-image Pods/libwebp » alpha_processing_neon.c
› Compiling expo-image Pods/libwebp » alpha_processing.c
› Compiling expo-image Pods/libwebp » alpha_processing_mips_dsp_r2.c
› Compiling expo-image Pods/libwebp » alpha_enc.c
› Compiling expo-image Pods/libwebp » alpha_dec.c
› Packaging expo-image Pods/libwebp » liblibwebp.a
› Compiling expo-image Pods/libdav1d » cpu.c
› Compiling expo-image Pods/libdav1d » wedge.c
› Compiling expo-image Pods/libdav1d » tables.c
› Compiling expo-image Pods/libdav1d » scan.c
› Compiling expo-image Pods/libdav1d » qm.c
› Compiling expo-image Pods/libdav1d » lf_mask.c
› Compiling expo-image Pods/libdav1d » itx_tmpl_16.c
› Compiling expo-image Pods/libdav1d » itx_tmpl.c
› Compiling expo-image Pods/libdav1d » itx_1d.c
› Compiling expo-image Pods/libdav1d » getbits.c
› Compiling expo-image Pods/libdav1d » filmgrain_tmpl_16.c
› Compiling expo-image Pods/libdav1d » filmgrain_tmpl.c
› Compiling expo-image Pods/libdav1d » dequant_tables.c
› Compiling expo-image Pods/libdav1d » warpmv.c
› Compiling expo-image Pods/libdav1d » thread_task.c
› Compiling expo-image Pods/libdav1d » refmvs.c
› Compiling expo-image Pods/libdav1d » ref.c
› Compiling expo-image Pods/libdav1d » recon_tmpl_16.c
› Compiling expo-image Pods/libdav1d » recon_tmpl.c
› Compiling expo-image Pods/libdav1d » picture.c
› Compiling expo-image Pods/libdav1d » obu.c
› Compiling expo-image Pods/libdav1d » msac.c
› Compiling expo-image Pods/libdav1d » mem.c
› Compiling expo-image Pods/libdav1d » mc_tmpl_16.c
› Compiling expo-image Pods/libdav1d » mc_tmpl.c
› Compiling expo-image Pods/libdav1d » lr_apply_tmpl_16.c
› Compiling expo-image Pods/libdav1d » lr_apply_tmpl.c
› Compiling expo-image Pods/libdav1d » looprestoration_tmpl_16.c
› Compiling expo-image Pods/libdav1d » looprestoration_tmpl.c
› Compiling expo-image Pods/libdav1d » loopfilter_tmpl_16.c
› Compiling expo-image Pods/libdav1d » loopfilter_tmpl.c
› Compiling expo-image Pods/libdav1d » log.c
› Compiling expo-image Pods/libdav1d » libdav1d-dummy.m
› Compiling expo-image Pods/libdav1d » lib.c
› Compiling expo-image Pods/libdav1d » lf_apply_tmpl_16.c
› Compiling expo-image Pods/libdav1d » lf_apply_tmpl.c
› Compiling expo-image Pods/libdav1d » ipred_tmpl_16.c
› Compiling expo-image Pods/libdav1d » ipred_tmpl.c
› Compiling expo-image Pods/libdav1d » ipred_prepare_tmpl_16.c
› Compiling expo-image Pods/libdav1d » ipred_prepare_tmpl.c
› Compiling expo-image Pods/libdav1d » intra_edge.c
› Compiling expo-image Pods/libdav1d » fg_apply_tmpl_16.c
› Compiling expo-image Pods/libdav1d » fg_apply_tmpl.c
› Compiling expo-image Pods/libdav1d » data.c
› Compiling expo-image Pods/libdav1d » cdf.c
› Compiling expo-image Pods/libdav1d » cdef_tmpl_16.c
› Compiling expo-image Pods/libdav1d » cdef_tmpl.c
› Compiling expo-image Pods/libdav1d » cdef_apply_tmpl_16.c
› Compiling expo-image Pods/libdav1d » cdef_apply_tmpl.c
› Compiling expo-image Pods/libdav1d » decode.c
› Compiling Pods/libavif » write.c
› Compiling expo-image Pods/libdav1d » cpu.c
› Compiling Pods/libavif » utils.c
› Compiling Pods/libavif » scale.c
› Compiling Pods/libavif » reformat_libyuv.c
› Compiling Pods/libavif » reformat_libsharpyuv.c
› Compiling Pods/libavif » reformat.c
› Compiling Pods/libavif » rawdata.c
› Compiling Pods/libavif » obu.c
› Compiling Pods/libavif » io.c
› Compiling Pods/libavif » exif.c
› Compiling Pods/libavif » diag.c
› Packaging expo-image Pods/libdav1d » liblibdav1d.a
› Compiling Pods/libavif » colr.c
› Compiling Pods/libavif » codec_dav1d.c
› Compiling Pods/libavif » avif.c
› Compiling Pods/libavif » alpha.c
› Compiling Pods/libavif » mem.c
› Compiling Pods/libavif » stream.c
› Compiling Pods/libavif » read.c
› Compiling expo-image Pods/SDWebImageAVIFCoder » SDWebImageAVIFCoder-dummy.m
› Compiling expo-image Pods/SDWebImageSVGCoder » SDImageSVGCoder.m
› Compiling expo-image Pods/SDWebImageSVGCoder » SDWebImageSVGCoder-dummy.m
› Compiling expo-image Pods/SDWebImageSVGCoder » SDWebImageSVGCoderDefine.m
› Compiling expo-image Pods/SDWebImage » UIView+WebCacheState.m
› Compiling expo-image Pods/SDWebImage » UIView+WebCacheOperation.m
› Compiling expo-image Pods/SDWebImage » UIImageView+WebCache.m
› Compiling expo-image Pods/SDWebImage » UIView+WebCache.m
› Compiling expo-image Pods/SDWebImage » UIImageView+HighlightedWebCache.m
› Compiling expo-image Pods/SDWebImage » UIImage+Metadata.m
› Compiling expo-image Pods/SDWebImage » UIImage+MemoryCacheCost.m
› Compiling expo-image Pods/SDWebImage » UIImage+MultiFormat.m
› Compiling expo-image Pods/SDWebImage » UIImage+GIF.m
› Compiling expo-image Pods/SDWebImage » UIImage+ForceDecode.m
› Compiling expo-image Pods/SDWebImage » UIImage+ExtendedCacheData.m
› Compiling expo-image Pods/SDWebImage » SDWebImageTransition.m
› Compiling expo-image Pods/SDWebImage » UIColor+SDHexString.m
› Compiling expo-image Pods/SDWebImage » UIButton+WebCache.m
› Compiling expo-image Pods/SDWebImage » SDWebImageOptionsProcessor.m
› Compiling expo-image Pods/SDWebImage » SDWebImageOperation.m
› Compiling expo-image Pods/SDWebImage » SDWebImageManager.m
› Compiling expo-image Pods/SDWebImage » SDWebImagePrefetcher.m
› Compiling expo-image Pods/SDWebImageAVIFCoder » SDImageAVIFCoder.m
› Compiling expo-image Pods/SDWebImageAVIFCoder » Conversion.m
› Compiling expo-image Pods/SDWebImageAVIFCoder » ColorSpace.m
› Compiling expo-image Pods/SDWebImage » UIImage+Transform.m
› Compiling expo-image Pods/SDWebImage » SDWebImageIndicator.m
› Compiling expo-image Pods/SDWebImage » SDWebImageError.m
› Compiling expo-image Pods/SDWebImage » SDWebImageDownloaderOperation.m
› Compiling expo-image Pods/SDWebImage » SDWebImageDownloaderResponseModifier.m
› Compiling expo-image Pods/SDWebImage » SDWebImageDownloaderRequestModifier.m
› Compiling expo-image Pods/SDWebImage » SDWebImageDownloaderConfig.m
› Compiling expo-image Pods/SDWebImage » SDWebImageDownloaderDecryptor.m
› Compiling expo-image Pods/SDWebImage » SDWebImageDownloader.m
› Compiling expo-image Pods/SDWebImage » SDWebImageDefine.m
› Compiling expo-image Pods/SDWebImage » SDWebImageCompat.m
› Compiling expo-image Pods/SDWebImage » SDWebImageCacheSerializer.m
› Compiling expo-image Pods/SDWebImage » SDWebImageCacheKeyFilter.m
› Compiling expo-image Pods/SDWebImage » SDWebImage-dummy.m
› Compiling expo-image Pods/SDWebImage » SDWeakProxy.m
› Compiling expo-image Pods/SDWebImage » SDMemoryCache.m
› Compiling expo-image Pods/SDWebImage » SDInternalMacros.m
› Compiling expo-image Pods/SDWebImage » SDImageTransformer.m
› Compiling expo-image Pods/SDWebImage » SDImageLoader.m
› Compiling expo-image Pods/SDWebImage » SDImageLoadersManager.m
› Compiling expo-image Pods/SDWebImage » SDImageIOCoder.m
› Compiling expo-image Pods/SDWebImage » SDImageIOAnimatedCoder.m
› Compiling expo-image Pods/SDWebImage » SDImageHEICCoder.m
› Compiling expo-image Pods/SDWebImage » SDImageFramePool.m
› Compiling expo-image Pods/SDWebImage » SDImageGraphics.m
› Compiling expo-image Pods/SDWebImage » SDImageFrame.m
› Compiling expo-image Pods/SDWebImage » SDImageGIFCoder.m
› Compiling expo-image Pods/SDWebImage » SDImageCodersManager.m
› Compiling expo-image Pods/SDWebImage » SDImageCoder.m
› Compiling expo-image Pods/SDWebImage » SDImageCachesManagerOperation.m
› Compiling expo-image Pods/SDWebImage » SDImageCoderHelper.m
› Compiling expo-image Pods/SDWebImage » SDImageCachesManager.m
› Compiling expo-image Pods/SDWebImage » SDImageCacheConfig.m
› Compiling expo-image Pods/SDWebImage » SDImageCacheDefine.m
› Compiling expo-image Pods/SDWebImage » SDImageCache.m
› Compiling expo-image Pods/SDWebImage » SDImageAssetManager.m
› Compiling expo-image Pods/SDWebImage » SDImageAPNGCoder.m
› Compiling expo-image Pods/SDWebImage » SDImageAWebPCoder.m
› Compiling expo-image Pods/SDWebImage » SDGraphicsImageRenderer.m
› Compiling expo-image Pods/SDWebImage » SDFileAttributeHelper.m
› Compiling expo-image Pods/SDWebImage » SDDisplayLink.m
› Compiling expo-image Pods/SDWebImage » SDDeviceHelper.m
› Compiling expo-image Pods/SDWebImage » SDCallbackQueue.m
› Compiling expo-image Pods/SDWebImage » SDDiskCache.m
› Compiling expo-image Pods/SDWebImage » SDAsyncBlockOperation.m
› Compiling expo-image Pods/SDWebImage » SDAssociatedObject.m
› Compiling expo-image Pods/SDWebImage » SDAnimatedImageView.m
› Compiling expo-image Pods/SDWebImage » SDAnimatedImageView+WebCache.m
› Compiling expo-image Pods/SDWebImage » SDAnimatedImagePlayer.m
› Compiling expo-image Pods/SDWebImage » SDAnimatedImage.m
› Compiling expo-image Pods/SDWebImage » SDAnimatedImageRep.m
› Compiling expo-image Pods/SDWebImage » NSImage+Compatibility.m
› Compiling expo-image Pods/SDWebImage » NSData+ImageContentType.m
› Compiling expo-image Pods/SDWebImage » NSButton+WebCache.m
› Compiling expo-image Pods/SDWebImage » NSBezierPath+SDRoundedCorners.m
› Packaging expo-image Pods/SDWebImage » libSDWebImage.a
› Compiling Pods/libavif » libavif-dummy.m
› Compiling expo-image Pods/SDWebImageWebPCoder » UIImage+WebP.m
› Compiling expo-image Pods/SDWebImageWebPCoder » SDWebImageWebPCoderDefine.m
› Compiling expo-image Pods/SDWebImageWebPCoder » SDWebImageWebPCoder-dummy.m
› Compiling expo-image Pods/SDWebImageWebPCoder » SDImageWebPCoder.m
› Compiling pet-to-you-mobile Pods/ReactAppDependencyProvider » ReactAppDependencyProvider-dummy.m
› Compiling pet-to-you-mobile Pods/ReactCodegen » ReactCodegen-dummy.m
› Compiling react-native-screens Pods/RNScreens » RNScreens-dummy.m
› Packaging pet-to-you-mobile Pods/ReactCodegen » libReactCodegen.a
› Compiling expo-json-utils Pods/EXJSONUtils » NSDictionary+EXJSONUtils.m
› Compiling expo-json-utils Pods/EXJSONUtils » EXJSONUtils-dummy.m
› Compiling lottie-react-native Pods/lottie-ios » lottie-ios-dummy.m
› Packaging expo-json-utils Pods/EXJSONUtils » libEXJSONUtils.a
› Packaging lottie-react-native Pods/lottie-ios » liblottie-ios.a
› Compiling @react-native-async-storage/async-storage Pods/RNCAsyncStorage » RNCAsyncStorage-dummy.m
› Executing lottie-react-native Pods/lottie-ios » Copy generated compatibility header
› Compiling expo-modules-core Pods/ExpoModulesCore » TypedArray.cpp
› Compiling expo-modules-core Pods/ExpoModulesCore » SwiftUIVirtualViewObjC.mm
› Compiling expo-modules-core Pods/ExpoModulesCore » SharedRef.cpp
› Compiling expo-modules-core Pods/ExpoModulesCore » SharedObject.cpp
› Compiling expo-modules-core Pods/ExpoModulesCore » ObjectDeallocator.cpp
› Compiling expo-dev-menu-interface Pods/expo-dev-menu-interface » expo-dev-menu-interface-dummy.m
› Compiling expo-modules-core Pods/ExpoModulesCore » NativeModule.cpp
› Packaging expo-dev-menu-interface Pods/expo-dev-menu-interface » libexpo-dev-menu-interface.a
› Compiling expo-modules-core Pods/ExpoModulesCore » MainThreadInvoker.mm
› Compiling expo-modules-core Pods/ExpoModulesCore » LazyObject.cpp
› Compiling expo-modules-core Pods/ExpoModulesCore » JSIUtils.cpp
› Compiling expo-modules-core Pods/ExpoModulesCore » ExpoViewShadowNode.cpp
› Compiling expo-modules-core Pods/ExpoModulesCore » ExpoViewProps.cpp
› Compiling expo-modules-core Pods/ExpoModulesCore » ExpoViewEventEmitter.cpp
› Compiling expo-modules-core Pods/ExpoModulesCore » ExpoViewComponentDescriptor.cpp
› Compiling expo-modules-core Pods/ExpoModulesCore » ExpoModulesHostObject.mm
› Compiling expo-modules-core Pods/ExpoModulesCore » ExpoFabricViewObjC.mm
› Compiling expo-modules-core Pods/ExpoModulesCore » ExpoBridgeModule.mm
› Compiling expo-modules-core Pods/ExpoModulesCore » EventEmitter.cpp
› Compiling expo-modules-core Pods/ExpoModulesCore » EXStringUtils.cpp
› Compiling expo-modules-core Pods/ExpoModulesCore » EXSharedObjectUtils.mm
› Compiling expo-modules-core Pods/ExpoModulesCore » EXReactNativeAdapter.mm
› Compiling expo-modules-core Pods/ExpoModulesCore » EXReactDelegateWrapper.mm
› Compiling expo-modules-core Pods/ExpoModulesCore » EXRawJavaScriptFunction.mm
› Compiling expo-modules-core Pods/ExpoModulesCore » EXNativeModulesProxy.mm
› Compiling expo-modules-core Pods/ExpoModulesCore » EXJavaScriptWeakObject.mm
› Compiling expo-modules-core Pods/ExpoModulesCore » EXJavaScriptValue.mm
› Compiling expo-modules-core Pods/ExpoModulesCore » EXJavaScriptTypedArray.mm
› Compiling expo-modules-core Pods/ExpoModulesCore » EXJavaScriptSharedObjectBinding.mm
› Compiling expo-modules-core Pods/ExpoModulesCore » EXJavaScriptRuntime.mm
› Compiling expo-modules-core Pods/ExpoModulesCore » EXJavaScriptObject.mm
› Compiling expo-modules-core Pods/ExpoModulesCore » EXJSIUtils.mm
› Compiling expo-modules-core Pods/ExpoModulesCore » EXJSIInstaller.mm
› Compiling expo-modules-core Pods/ExpoModulesCore » EXJSIConversions.mm
› Compiling react-native-worklets Pods/RNWorklets » RNWorklets-dummy.m
› Compiling react-native-reanimated Pods/RNReanimated » ReanimatedSensorContainer.m
› Compiling react-native-reanimated Pods/RNReanimated » ReanimatedSensor.m
› Compiling react-native-reanimated Pods/RNReanimated » RCTUIView+Reanimated.m
› Compiling react-native-gesture-handler Pods/RNGestureHandler » RNTapHandler.m
› Compiling react-native-gesture-handler Pods/RNGestureHandler » RNRotationHandler.m
› Compiling react-native-reanimated Pods/RNReanimated » RNReanimated-dummy.m
› Compiling react-native-gesture-handler Pods/RNGestureHandler » RNRootViewGestureRecognizer.m
› Compiling react-native-gesture-handler Pods/RNGestureHandler » RNPinchHandler.m
› Compiling react-native-gesture-handler Pods/RNGestureHandler » RNPanHandler.m
› Compiling react-native-gesture-handler Pods/RNGestureHandler » RNManualHandler.m
› Compiling react-native-gesture-handler Pods/RNGestureHandler » RNManualActivationRecognizer.m
› Compiling react-native-gesture-handler Pods/RNGestureHandler » RNLongPressHandler.m
› Compiling react-native-gesture-handler Pods/RNGestureHandler » RNHoverHandler.m
› Compiling react-native-gesture-handler Pods/RNGestureHandler » RNGestureHandlerRegistry.m
› Compiling react-native-gesture-handler Pods/RNGestureHandler » RNGestureHandlerPointerTracker.m
› Compiling react-native-gesture-handler Pods/RNGestureHandler » RNGestureHandlerEvents.m
› Compiling react-native-gesture-handler Pods/RNGestureHandler » RNGHVector.m
› Compiling react-native-gesture-handler Pods/RNGestureHandler » RNGHStylusData.m
› Compiling react-native-gesture-handler Pods/RNGestureHandler » RNForceTouchHandler.m
› Compiling react-native-gesture-handler Pods/RNGestureHandler » RNFlingHandler.m
› Executing expo-dev-menu-interface Pods/expo-dev-menu-interface » Copy generated compatibility header
› Compiling react-native-gesture-handler Pods/RNGestureHandler » RNGestureHandler-dummy.m
› Compiling lottie-react-native Pods/lottie-react-native » LottieAnimationViewComponentView.mm
› Compiling lottie-react-native Pods/lottie-react-native » lottie-react-native-dummy.m
› Packaging Pods/libavif » liblibavif.a
› Packaging expo-image Pods/SDWebImageWebPCoder » libSDWebImageWebPCoder.a
› Packaging expo-image Pods/SDWebImageSVGCoder » libSDWebImageSVGCoder.a
› Compiling lottie-react-native Pods/lottie-react-native » RCTConvert+Lottie.m
› Compiling lottie-react-native Pods/lottie-react-native » LRNAnimationViewManagerObjC.m
› Packaging react-native-safe-area-context Pods/react-native-safe-area-context » libreact-native-safe-area-context.a
› Executing react-native-maps Pods/react-native-maps » [CP-User] react-native-maps patches
› Packaging pet-to-you-mobile Pods/ReactAppDependencyProvider » libReactAppDependencyProvider.a
› Packaging react-native-worklets Pods/RNWorklets » libRNWorklets.a
› Packaging react-native-screens Pods/RNScreens » libRNScreens.a
› Compiling expo-modules-core Pods/ExpoModulesCore » RCTComponentData+Privates.m
› Compiling expo-modules-core Pods/ExpoModulesCore » EXUtilities.m
› Compiling expo-modules-core Pods/ExpoModulesCore » EXSingletonModule.m
› Compiling expo-modules-core Pods/ExpoModulesCore » ExpoModulesCore-dummy.m
› Compiling expo-modules-core Pods/ExpoModulesCore » EXReactNativeUserNotificationCenterProxy.m
› Compiling expo-modules-core Pods/ExpoModulesCore » EXReactLogHandler.m
› Compiling expo-modules-core Pods/ExpoModulesCore » EXPermissionsService.m
› Compiling expo-modules-core Pods/ExpoModulesCore » EXPermissionsMethodsDelegate.m
› Compiling expo-modules-core Pods/ExpoModulesCore » EXModuleRegistryHolderReactModule.m
› Compiling expo-modules-core Pods/ExpoModulesCore » EXModuleRegistryAdapter.m
› Compiling expo-modules-core Pods/ExpoModulesCore » EXLogManager.m
› Compiling expo-modules-core Pods/ExpoModulesCore » EXExportedModule.m
› Compiling expo-modules-core Pods/ExpoModulesCore » EXAppDefines.m
› Compiling expo-modules-core Pods/ExpoModulesCore » CoreModuleHelper.m
› Packaging react-native-gesture-handler Pods/RNGestureHandler » libRNGestureHandler.a
› Packaging @react-native-async-storage/async-storage Pods/RNCAsyncStorage » libRNCAsyncStorage.a
› Compiling react-native-maps Pods/react-native-maps » States.cpp
› Compiling react-native-maps Pods/react-native-maps » ShadowNodes.cpp
› Compiling react-native-maps Pods/react-native-maps » RNMapsSpecsJSI-generated.cpp
› Compiling react-native-maps Pods/react-native-maps » RNMapsSpecs-generated.mm
› Compiling react-native-maps Pods/react-native-maps » RNMapsMarkerViewManager.mm
› Compiling react-native-maps Pods/react-native-maps » RNMapsMarkerView.mm
› Compiling react-native-maps Pods/react-native-maps » RNMapsMapViewManager.mm
› Compiling react-native-maps Pods/react-native-maps » RNMapsMapView.mm
› Compiling react-native-maps Pods/react-native-maps » RNMapsAirModule.mm
› Compiling react-native-maps Pods/react-native-maps » Props.cpp
› Compiling react-native-maps Pods/react-native-maps » PlaceHolderPolygonView.mm
› Compiling react-native-maps Pods/react-native-maps » PlaceHolderGoogleMapView.mm
› Compiling react-native-maps Pods/react-native-maps » EventEmitters.cpp
› Compiling react-native-maps Pods/react-native-maps » ComponentDescriptors.cpp
› Packaging lottie-react-native Pods/lottie-react-native » liblottie-react-native.a
› Compiling react-native-maps Pods/react-native-maps » AIRMap.mm
› Compiling expo-modules-core Pods/ExpoModulesCore » EXReactNativeEventEmitter.m
› Compiling expo-modules-core Pods/ExpoModulesCore » EXModuleRegistryProvider.m
› Compiling expo-modules-core Pods/ExpoModulesCore » EXModuleRegistry.m
› Packaging expo-modules-core Pods/ExpoModulesCore » libExpoModulesCore.a
› Compiling react-native-maps Pods/react-native-maps » react-native-maps-dummy.m
› Executing lottie-react-native Pods/lottie-react-native » Copy generated compatibility header
› Packaging expo-image Pods/SDWebImageAVIFCoder » libSDWebImageAVIFCoder.a
› Executing expo-modules-core Pods/ExpoModulesCore » Copy generated compatibility header
› Packaging react-native-reanimated Pods/RNReanimated » libRNReanimated.a
› Compiling react-native-maps Pods/react-native-maps » UIView+AirMap.m
› Compiling react-native-maps Pods/react-native-maps » SMCalloutView.m
› Compiling react-native-maps Pods/react-native-maps » RCTComponentData+Maps.m
› Compiling react-native-maps Pods/react-native-maps » AIRWeakTimerReference.m
› Compiling react-native-maps Pods/react-native-maps » AIRMapCalloutSubviewManager.m
› Compiling react-native-maps Pods/react-native-maps » AIRMapCalloutSubview.m
› Compiling react-native-maps Pods/react-native-maps » AIRMapCallout.m
› Compiling expo-location Pods/ExpoLocation » ExpoLocation-dummy.m
› Compiling expo-location Pods/ExpoLocation » EXLocationTaskConsumer.m
› Compiling expo-location Pods/ExpoLocation » EXLocationPermissionRequester.m
› Compiling expo-location Pods/ExpoLocation » EXLocation.m
› Compiling expo-location Pods/ExpoLocation » EXGeofencingTaskConsumer.m
› Compiling react-native-maps Pods/react-native-maps » RCTConvert+AirMap.m
› Compiling react-native-maps Pods/react-native-maps » AIRWeakMapReference.m
› Compiling react-native-maps Pods/react-native-maps » AIRMapWMSTileManager.m
› Compiling react-native-maps Pods/react-native-maps » AIRMapWMSTile.m
› Compiling react-native-maps Pods/react-native-maps » AIRMapUrlTileManager.m
› Compiling react-native-maps Pods/react-native-maps » AIRMapUrlTileCachedOverlay.m
› Compiling react-native-maps Pods/react-native-maps » AIRMapUrlTile.m
› Compiling react-native-maps Pods/react-native-maps » AIRMapPolylineRenderer.m
› Compiling react-native-maps Pods/react-native-maps » AIRMapPolylineManager.m
› Compiling react-native-maps Pods/react-native-maps » AIRMapPolyline.m
› Compiling react-native-maps Pods/react-native-maps » AIRMapPolygonManager.m
› Compiling react-native-maps Pods/react-native-maps » AIRMapPolygon.m
› Compiling react-native-maps Pods/react-native-maps » AIRMapOverlayRenderer.m
› Compiling react-native-maps Pods/react-native-maps » AIRMapOverlayManager.m
› Compiling react-native-maps Pods/react-native-maps » AIRMapOverlay.m
› Compiling react-native-maps Pods/react-native-maps » AIRMapMarkerManager.m
› Compiling react-native-maps Pods/react-native-maps » AIRMapMarker.m
› Compiling react-native-maps Pods/react-native-maps » AIRMapManager.m
› Compiling react-native-maps Pods/react-native-maps » AIRMapLocalTileOverlay.m
› Compiling react-native-maps Pods/react-native-maps » AIRMapLocalTileManager.m
› Compiling react-native-maps Pods/react-native-maps » AIRMapLocalTile.m
› Compiling react-native-maps Pods/react-native-maps » AIRMapCoordinate.m
› Compiling react-native-maps Pods/react-native-maps » AIRMapCircleManager.m
› Compiling react-native-maps Pods/react-native-maps » AIRMapCircle.m
› Compiling react-native-maps Pods/react-native-maps » AIRMapCalloutManager.m
› Compiling expo-location Pods/ExpoLocation » EXForegroundPermissionRequester.m
› Compiling expo-location Pods/ExpoLocation » EXBaseLocationRequester.m
› Compiling expo-location Pods/ExpoLocation » EXBackgroundLocationPermissionRequester.m
› Packaging react-native-maps Pods/react-native-maps » libreact-native-maps.a
› Packaging expo-location Pods/ExpoLocation » libExpoLocation.a
› Compiling expo-keep-awake Pods/ExpoKeepAwake » ExpoKeepAwake-dummy.m
› Packaging expo-keep-awake Pods/ExpoKeepAwake » libExpoKeepAwake.a
› Executing expo-location Pods/ExpoLocation » Copy generated compatibility header
› Executing expo-keep-awake Pods/ExpoKeepAwake » Copy generated compatibility header
› Compiling expo-linking Pods/ExpoLinking » ExpoLinking-dummy.m
› Packaging expo-linking Pods/ExpoLinking » libExpoLinking.a
› Executing expo-linking Pods/ExpoLinking » Copy generated compatibility header
› Compiling expo-linear-gradient Pods/ExpoLinearGradient » ExpoLinearGradient-dummy.m
› Compiling expo-router Pods/ExpoHead » LinkPreviewNativeNavigation.mm
› Packaging expo-linear-gradient Pods/ExpoLinearGradient » libExpoLinearGradient.a
› Executing expo-linear-gradient Pods/ExpoLinearGradient » Copy generated compatibility header
› Compiling expo-image Pods/ExpoImage » ExpoImage-dummy.m
› Compiling expo-haptics Pods/ExpoHaptics » ExpoHaptics-dummy.m
› Packaging expo-haptics Pods/ExpoHaptics » libExpoHaptics.a
› Compiling expo-router Pods/ExpoHead » ExpoHead-dummy.m
› Packaging expo-router Pods/ExpoHead » libExpoHead.a
› Executing expo-router Pods/ExpoHead » Copy generated compatibility header
› Executing expo-haptics Pods/ExpoHaptics » Copy generated compatibility header
› Compiling expo-font Pods/ExpoFont » ExpoFont-dummy.m
› Packaging expo-font Pods/ExpoFont » libExpoFont.a
› Packaging expo-image Pods/ExpoImage » libExpoImage.a
› Executing expo-image Pods/ExpoImage » Copy generated compatibility header
› Executing expo-font Pods/ExpoFont » Copy generated compatibility header
› Compiling expo Pods/ExpoFileSystem » EXSessionHandler.m
› Compiling expo Pods/ExpoFileSystem » EXSessionTaskDispatcher.m
› Compiling expo Pods/ExpoFileSystem » EXSessionTaskDelegate.m
› Compiling expo Pods/ExpoFileSystem » EXSessionUploadTaskDelegate.m
› Compiling expo Pods/ExpoFileSystem » EXSessionResumableDownloadTaskDelegate.m
› Compiling expo Pods/ExpoFileSystem » NSData+EXFileSystem.m
› Compiling expo-file-system Pods/ExpoFileSystem » ExpoFileSystem-dummy.m
› Compiling expo Pods/ExpoFileSystem » EXTaskHandlersManager.m
› Compiling expo Pods/ExpoFileSystem » EXSessionDownloadTaskDelegate.m
› Compiling expo Pods/ExpoFileSystem » EXSessionCancelableUploadTaskDelegate.m
› Executing expo-constants Pods/EXConstants » [CP-User] Generate app.config for prebuilt Constants.manifest
› Compiling expo Pods/Expo » EXReactRootViewFactory.mm
› Compiling expo Pods/Expo » EXAppDelegateWrapper.mm
› Compiling expo Pods/ExpoFileSystem » EXFileSystemLocalFileHandler.m
› Compiling expo Pods/ExpoFileSystem » EXFileSystemAssetLibraryHandler.m
› Compiling expo-asset Pods/ExpoAsset » ExpoAsset-dummy.m
› Packaging expo-asset Pods/ExpoAsset » libExpoAsset.a
› Packaging expo-file-system Pods/ExpoFileSystem » libExpoFileSystem.a
› Compiling expo Pods/Expo » Expo-dummy.m
› Executing expo-file-system Pods/ExpoFileSystem » Copy generated compatibility header
› Executing expo-asset Pods/ExpoAsset » Copy generated compatibility header
› Compiling expo-updates-interface Pods/EXUpdatesInterface » noop-file.m
› Compiling expo-updates-interface Pods/EXUpdatesInterface » EXUpdatesInterface-dummy.m
› Packaging expo-updates-interface Pods/EXUpdatesInterface » libEXUpdatesInterface.a
› Executing expo-updates-interface Pods/EXUpdatesInterface » Copy generated compatibility header
› Compiling expo-manifests Pods/EXManifests » EXManifests-dummy.m
› Packaging expo-manifests Pods/EXManifests » libEXManifests.a
› Executing expo-manifests Pods/EXManifests » Copy generated compatibility header
› Compiling expo-constants Pods/EXConstants » EXConstantsInstallationIdProvider.m
› Compiling expo-constants Pods/EXConstants » EXConstants-dummy.m
› Compiling expo-constants Pods/EXConstants » EXConstantsService.m
› Packaging expo-constants Pods/EXConstants » libEXConstants.a
› Executing expo-constants Pods/EXConstants » Copy generated compatibility header
› Compiling expo Pods/Expo » EXLegacyAppDelegateWrapper.m
› Compiling expo Pods/Expo » EXAppDelegatesLoader.m
› Compiling expo Pods/Expo » EXAppDefinesLoader.m
› Packaging expo Pods/Expo » libExpo.a
› Executing expo Pods/Expo » Copy generated compatibility header
› Compiling expo-dev-menu Pods/expo-dev-menu » DevClientNoOpLoadingView.m
› Compiling expo-dev-menu Pods/expo-dev-menu » expo-dev-menu-dummy.m
› Compiling expo-dev-menu Pods/expo-dev-menu » EXDevMenuAppInfo.m
› Packaging expo-dev-menu Pods/expo-dev-menu » libexpo-dev-menu.a
› Executing expo-dev-menu Pods/expo-dev-menu » Copy generated compatibility header
› Compiling expo-dev-launcher Pods/expo-dev-launcher » RCTPackagerConnection+EXDevLauncherPackagerConnectionInterceptor.m
› Compiling expo-dev-launcher Pods/expo-dev-launcher » EXDevLauncherReactNativeFactory.mm
› Compiling expo-dev-launcher Pods/expo-dev-launcher » expo-dev-launcher-dummy.m
› Compiling expo-dev-launcher Pods/expo-dev-launcher » EXDevLauncherRCTDevSettings.m
› Compiling expo-dev-launcher Pods/expo-dev-launcher » EXDevLauncherUpdatesHelper.m
› Compiling expo-dev-launcher Pods/expo-dev-launcher » EXDevLauncherDeferredRCTRootView.m
› Compiling expo-dev-launcher Pods/expo-dev-launcher » EXDevLauncherRCTBridge.m
› Compiling expo-dev-launcher Pods/expo-dev-launcher » EXDevLauncherDevMenuExtensions.m
› Compiling expo-dev-launcher Pods/expo-dev-launcher » EXDevLauncherRedBox.m
› Compiling expo-dev-launcher Pods/expo-dev-launcher » EXDevLauncherManifestParser.m
› Compiling expo-dev-launcher Pods/expo-dev-launcher » EXDevLauncher.m
› Compiling expo-dev-launcher Pods/expo-dev-launcher » EXDevLauncherController.m
› Packaging expo-dev-launcher Pods/expo-dev-launcher » libexpo-dev-launcher.a
› Executing expo-dev-launcher Pods/expo-dev-launcher » Copy generated compatibility header
› Compiling Pods/Pods-pettoyoumobile » Pods-pettoyoumobile-dummy.m
› Packaging Pods/Pods-pettoyoumobile » libPods-pettoyoumobile.a
› Executing pettoyoumobile » [CP] Check Pods Manifest.lock
› Executing pettoyoumobile » [Expo] Configure project
› Linking   pettoyoumobile » __preview.dylib
› Copying   ./PrivacyInfo.xcprivacy ➜ ios/pettoyoumobile/PrivacyInfo.xcprivacy
› Copying   ios/pettoyoumobile/Supporting/Expo.plist ➜ ./Expo.plist
› Compiling pettoyoumobile » SplashScreen.storyboard
› Preparing pettoyoumobile » Info.plist
› Compiling pettoyoumobile » pettoyoumobile_vers.c
› Linking   pettoyoumobile » pettoyoumobile.debug.dylib
⚠️  ld: ignoring duplicate libraries: '-lc++'
› Generating debug pettoyoumobile » pettoyoumobile.app.dSYM
› Linking   pettoyoumobile » pettoyoumobile
› Generating debug pettoyoumobile » pettoyoumobile.app.dSYM
› Executing pettoyoumobile » Bundle React Native code and images
› Executing pettoyoumobile » [CP] Copy Pods Resources
› Executing pettoyoumobile » [CP] Embed Pods Frameworks
› Signing   pettoyoumobile » pettoyoumobile.debug.dylib
› Signing   pettoyoumobile » __preview.dylib
› Signing   pettoyoumobile » pettoyoumobile.app
› Creating  pettoyoumobile » pettoyoumobile.app
    Run script build phase '[CP-User] [Hermes] Replace Hermes for the right configuration, if needed' will be run during every build because it does not specify any outputs. To address this issue, either add output dependencies to the script phase, or configure it to run in every build by unchecking "Based on dependency analysis" in the script phase. (in target 'hermes-engine' from project 'Pods')
    Run script build phase '[CP-User] react-native-maps patches' will be run during every build because it does not specify any outputs. To address this issue, either add output dependencies to the script phase, or configure it to run in every build by unchecking "Based on dependency analysis" in the script phase. (in target 'react-native-maps' from project 'Pods')
› Build Succeeded

› 0 error(s), and 3 warning(s)

Starting Metro Bundler
Waiting on http://localhost:8081
› Installing /Users/ryansong/Library/Developer/Xcode/DerivedData/pettoyoumobile-hhctetifqrfvgscnzcgjvvznzzgn/Build/Products/Debug-iphonesimulator/pettoyoumobile.app
› Installing on iPhone 17 Pro
› Opening on iPhone 17 Pro (com.anonymous.pet-to-you-mobile)
› Opening exp+pet-to-you-mobile://expo-development-client/?url=http%3A%2F%2F192.168.0.86%3A8081 on iPhone 17 Pro

› Logs for your project will appear below.
[libapp_launch_measurement.dylib] Failed to send CA Event for app launch
measurements for ca_event_type: 0 event_name:
com.apple.app_launch_measurement.FirstFramePresentationMetric
[libapp_launch_measurement.dylib] Failed to send CA Event for app launch
measurements for ca_event_type: 1 event_name:
com.apple.app_launch_measurement.ExtendedLaunchMetrics
iOS Bundling failed 408ms index.ts (1 module)
[React] index.ts: Cannot find module 'babel-preset-expo'
Require stack:
-
/Users/ryansong/Desktop/DEV/Pet_to_You/pet-to-you-mobile/node_modules/@babel/core/lib/config/files/plugins.js
-
/Users/ryansong/Desktop/DEV/Pet_to_You/pet-to-you-mobile/node_modules/@babel/core/lib/config/files/index.js
-
/Users/ryansong/Desktop/DEV/Pet_to_You/pet-to-you-mobile/node_modules/@babel/core/lib/index.js
-
/Users/ryansong/Desktop/DEV/Pet_to_You/pet-to-you-mobile/node_modules/expo/node_modules/@expo/metro-config/build/transform-worker/metro-transform-worker.js
-
/Users/ryansong/Desktop/DEV/Pet_to_You/pet-to-you-mobile/node_modules/expo/node_modules/@expo/metro-config/build/transform-worker/transform-worker.js
-
/Users/ryansong/Desktop/DEV/Pet_to_You/pet-to-you-mobile/node_modules/metro/src/DeltaBundler/Worker.flow.js
-
/Users/ryansong/Desktop/DEV/Pet_to_You/pet-to-you-mobile/node_modules/metro/src/DeltaBundler/Worker.js
-
/Users/ryansong/Desktop/DEV/Pet_to_You/pet-to-you-mobile/node_modules/jest-worker/build/workers/processCh<…>
 ERROR  Error: Cannot find module 'babel-preset-expo'
Require stack:
- /Users/ryansong/Desktop/DEV/Pet_to_You/pet-to-you-mobile/node_modules/@babel/core/lib/config/files/plugins.js
- /Users/ryansong/Desktop/DEV/Pet_to_You/pet-to-you-mobile/node_modules/@babel/core/lib/config/files/index.js
- /Users/ryansong/Desktop/DEV/Pet_to_You/pet-to-you-mobile/node_modules/@babel/core/lib/index.js
- /Users/ryansong/Desktop/DEV/Pet_to_You/pet-to-you-mobile/node_modules/expo/node_modules/@expo/metro-config/build/transform-worker/metro-transform-worker.js
- /Users/ryansong/Desktop/DEV/Pet_to_You/pet-to-you-mobile/node_modules/expo/node_modules/@expo/metro-config/build/transform-worker/transform-worker.js
- /Users/ryansong/Desktop/DEV/Pet_to_You/pet-to-you-mobile/node_modules/metro/src/DeltaBundler/Worker.flow.js
- /Users/ryansong/Desktop/DEV/Pet_to_You/pet-to-you-mobile/node_modules/metro/src/DeltaBundler/Worker.js
- /Users/ryansong/Desktop/DEV/Pet_to_You/pet-to-you-mobile/node_modules/jest-worker/build/workers/processChild.js

Make sure that all the Babel plugins and presets you are using
are defined as dependencies or devDependencies in your package.json
file. It's possible that the missing plugin is loaded by a preset
you are using that forgot to add the plugin to its dependencies: you
can workaround this problem by explicitly adding the missing package
to your top-level package.json.

    at Module._resolveFilename (node:internal/modules/cjs/loader:1420:15)
    at resolve (node:internal/modules/helpers:163:19)
    at tryRequireResolve (/Users/ryansong/Desktop/DEV/Pet_to_You/pet-to-you-mobile/node_modules/@babel/core/lib/config/files/plugins.js:128:11)
    at resolveStandardizedNameForRequire (/Users/ryansong/Desktop/DEV/Pet_to_You/pet-to-you-mobile/node_modules/@babel/core/lib/config/files/plugins.js:162:19)
    at resolveStandardizedName (/Users/ryansong/Desktop/DEV/Pet_to_You/pet-to-you-mobile/node_modules/@babel/core/lib/config/files/plugins.js:183:12)
    at loadPreset (/Users/ryansong/Desktop/DEV/Pet_to_You/pet-to-you-mobile/node_modules/@babel/core/lib/config/files/plugins.js:68:7)
    at loadPreset.next (<anonymous>)
    at createDescriptor (/Users/ryansong/Desktop/DEV/Pet_to_You/pet-to-you-mobile/node_modules/@babel/core/lib/config/config-descriptors.js:140:16)
    at createDescriptor.next (<anonymous>)
    at evaluateSync (/Users/ryansong/Desktop/DEV/Pet_to_You/pet-to-you-mobile/node_modules/gensync/index.js:251:28)
    at /Users/ryansong/Desktop/DEV/Pet_to_You/pet-to-you-mobile/node_modules/gensync/index.js:31:34
    at Array.map (<anonymous>)
    at gensync.sync (/Users/ryansong/Desktop/DEV/Pet_to_You/pet-to-you-mobile/node_modules/gensync/index.js:31:22)
    at gensync.all (/Users/ryansong/Desktop/DEV/Pet_to_You/pet-to-you-mobile/node_modules/gensync/index.js:210:24)
    at Generator.next (<anonymous>)
    at createDescriptors (/Users/ryansong/Desktop/DEV/Pet_to_You/pet-to-you-mobile/node_modules/@babel/core/lib/config/config-descriptors.js:102:41)
    at createDescriptors.next (<anonymous>)
    at createPresetDescriptors (/Users/ryansong/Desktop/DEV/Pet_to_You/pet-to-you-mobile/node_modules/@babel/core/lib/config/config-descriptors.js:96:17)
    at createPresetDescriptors.next (<anonymous>)
    at /Users/ryansong/Desktop/DEV/Pet_to_You/pet-to-you-mobile/node_modules/@babel/core/lib/gensync-utils/functional.js:22:27
    at Generator.next (<anonymous>)
    at mergeChainOpts (/Users/ryansong/Desktop/DEV/Pet_to_You/pet-to-you-mobile/node_modules/@babel/core/lib/config/config-chain.js:350:34)
    at mergeChainOpts.next (<anonymous>)
    at chainWalker (/Users/ryansong/Desktop/DEV/Pet_to_You/pet-to-you-mobile/node_modules/@babel/core/lib/config/config-chain.js:316:14)
    at chainWalker.next (<anonymous>)
    at loadFileChain (/Users/ryansong/Desktop/DEV/Pet_to_You/pet-to-you-mobile/node_modules/@babel/core/lib/config/config-chain.js:191:24)
    at loadFileChain.next (<anonymous>)
    at mergeExtendsChain (/Users/ryansong/Desktop/DEV/Pet_to_You/pet-to-you-mobile/node_modules/@babel/core/lib/config/config-chain.js:328:28)
    at mergeExtendsChain.next (<anonymous>)
    at chainWalker (/Users/ryansong/Desktop/DEV/Pet_to_You/pet-to-you-mobile/node_modules/@babel/core/lib/config/config-chain.js:312:20)
    at chainWalker.next (<anonymous>)
    at buildRootChain (/Users/ryansong/Desktop/DEV/Pet_to_You/pet-to-you-mobile/node_modules/@babel/core/lib/config/config-chain.js:56:36)
    at buildRootChain.next (<anonymous>)
    at loadPrivatePartialConfig (/Users/ryansong/Desktop/DEV/Pet_to_You/pet-to-you-mobile/node_modules/@babel/core/lib/config/partial.js:72:62)
    at loadPrivatePartialConfig.next (<anonymous>)
    at loadFullConfig (/Users/ryansong/Desktop/DEV/Pet_to_You/pet-to-you-mobile/node_modules/@babel/core/lib/config/full.js:36:46)
    at loadFullConfig.next (<anonymous>)
    at transform (/Users/ryansong/Desktop/DEV/Pet_to_You/pet-to-you-mobile/node_modules/@babel/core/lib/transform.js:20:44)
    at transform.next (<anonymous>)
    at evaluateSync (/Users/ryansong/Desktop/DEV/Pet_to_You/pet-to-you-mobile/node_modules/gensync/index.js:251:28)
    at sync (/Users/ryansong/Desktop/DEV/Pet_to_You/pet-to-you-mobile/node_modules/gensync/index.js:89:14)
    at stopHiding - secret - don't use this - v1 (/Users/ryansong/Desktop/DEV/Pet_to_You/pet-to-you-mobile/node_modules/@babel/core/lib/errors/rewrite-stack-trace.js:47:12)
    at Object.transformSync (/Users/ryansong/Desktop/DEV/Pet_to_You/pet-to-you-mobile/node_modules/@babel/core/lib/transform.js:40:76)
    at parseWithBabel (/Users/ryansong/Desktop/DEV/Pet_to_You/pet-to-you-mobile/node_modules/expo/node_modules/@expo/metro-config/build/transformSync.js:75:18)
    at transformSync (/Users/ryansong/Desktop/DEV/Pet_to_You/pet-to-you-mobile/node_modules/expo/node_modules/@expo/metro-config/build/transformSync.js:54:16)
    at Object.transform (/Users/ryansong/Desktop/DEV/Pet_to_You/pet-to-you-mobile/node_modules/expo/node_modules/@expo/metro-config/build/babel-transformer.js:127:58)
    at transformJSWithBabel (/Users/ryansong/Desktop/DEV/Pet_to_You/pet-to-you-mobile/node_modules/expo/node_modules/@expo/metro-config/build/transform-worker/metro-transform-worker.js:468:47)
    at Object.transform (/Users/ryansong/Desktop/DEV/Pet_to_You/pet-to-you-mobile/node_modules/expo/node_modules/@expo/metro-config/build/transform-worker/metro-transform-worker.js:583:12)
    at Object.transform (/Users/ryansong/Desktop/DEV/Pet_to_You/pet-to-you-mobile/node_modules/expo/node_modules/@expo/metro-config/build/transform-worker/transform-worker.js:178:19)
› Detected a change in babel.config.js. Restart the server to see the new results. You may need to clear the bundler cache with the --clear flag for your changes to take effect.
