Starting project at /Users/ryansong/Desktop/DEV/Pet_to_You/pet-to-you-mobile
Starting Metro Bundler
warning: Bundler cache is empty, rebuilding (this may take a minute)
Waiting on http://localhost:8081
Logs for your project will appear below.
iOS ./index.ts ░░░░░░░░░░░░░░░░  0.0% (0/1)
iOS Bundling failed 809ms index.ts (1 module)
 ERROR  Error: Cannot find module 'babel-preset-expo'
Require stack:
- /Users/ryansong/Desktop/DEV/Pet_to_You/pet-to-you-mobile/node_modules/@babel/core/lib/config/files/plugins.js
- /Users/ryansong/Desktop/DEV/Pet_to_You/pet-to-you-mobile/node_modules/@babel/core/lib/config/files/index.js
- /Users/ryansong/Desktop/DEV/Pet_to_You/pet-to-you-mobile/node_modules/@babel/core/lib/index.js
- /Users/ryansong/Desktop/DEV/Pet_to_You/pet-to-you-mobile/node_modules/expo/node_modules/@expo/metro-config/build/transform-worker/metro-transform-worker.js
- /Users/ryansong/Desktop/DEV/Pet_to_You/pet-to-you-mobile/node_modules/expo/node_modules/@expo/metro-config/build/transform-worker/transform-worker.js
- /Users/ryansong/Desktop/DEV/Pet_to_You/pet-to-you-mobile/node_modules/metro/src/DeltaBundler/Worker.flow.js
- /Users/ryansong/Desktop/DEV/Pet_to_You/pet-to-you-mobile/node_modules/metro/src/DeltaBundler/Worker.js
- /Users/ryansong/Desktop/DEV/Pet_to_You/pet-to-you-mobile/node_modules/jest-worker/build/workers/processChild.js

Make sure that all the Babel plugins and presets you are using
are defined as dependencies or devDependencies in your package.json
file. It's possible that the missing plugin is loaded by a preset
you are using that forgot to add the plugin to its dependencies: you
can workaround this problem by explicitly adding the missing package
to your top-level package.json.

    at Module._resolveFilename (node:internal/modules/cjs/loader:1420:15)
    at resolve (node:internal/modules/helpers:163:19)
    at tryRequireResolve (/Users/ryansong/Desktop/DEV/Pet_to_You/pet-to-you-mobile/node_modules/@babel/core/lib/config/files/plugins.js:128:11)
    at resolveStandardizedNameForRequire (/Users/ryansong/Desktop/DEV/Pet_to_You/pet-to-you-mobile/node_modules/@babel/core/lib/config/files/plugins.js:162:19)
    at resolveStandardizedName (/Users/ryansong/Desktop/DEV/Pet_to_You/pet-to-you-mobile/node_modules/@babel/core/lib/config/files/plugins.js:183:12)
    at loadPreset (/Users/ryansong/Desktop/DEV/Pet_to_You/pet-to-you-mobile/node_modules/@babel/core/lib/config/files/plugins.js:68:7)
    at loadPreset.next (<anonymous>)
    at createDescriptor (/Users/ryansong/Desktop/DEV/Pet_to_You/pet-to-you-mobile/node_modules/@babel/core/lib/config/config-descriptors.js:140:16)
    at createDescriptor.next (<anonymous>)
    at evaluateSync (/Users/ryansong/Desktop/DEV/Pet_to_You/pet-to-you-mobile/node_modules/gensync/index.js:251:28)
    at /Users/ryansong/Desktop/DEV/Pet_to_You/pet-to-you-mobile/node_modules/gensync/index.js:31:34
    at Array.map (<anonymous>)
    at gensync.sync (/Users/ryansong/Desktop/DEV/Pet_to_You/pet-to-you-mobile/node_modules/gensync/index.js:31:22)
    at gensync.all (/Users/ryansong/Desktop/DEV/Pet_to_You/pet-to-you-mobile/node_modules/gensync/index.js:210:24)
    at Generator.next (<anonymous>)
    at createDescriptors (/Users/ryansong/Desktop/DEV/Pet_to_You/pet-to-you-mobile/node_modules/@babel/core/lib/config/config-descriptors.js:102:41)
    at createDescriptors.next (<anonymous>)
    at createPresetDescriptors (/Users/ryansong/Desktop/DEV/Pet_to_You/pet-to-you-mobile/node_modules/@babel/core/lib/config/config-descriptors.js:96:17)
    at createPresetDescriptors.next (<anonymous>)
    at /Users/ryansong/Desktop/DEV/Pet_to_You/pet-to-you-mobile/node_modules/@babel/core/lib/gensync-utils/functional.js:22:27
    at Generator.next (<anonymous>)
    at mergeChainOpts (/Users/ryansong/Desktop/DEV/Pet_to_You/pet-to-you-mobile/node_modules/@babel/core/lib/config/config-chain.js:350:34)
    at mergeChainOpts.next (<anonymous>)
    at chainWalker (/Users/ryansong/Desktop/DEV/Pet_to_You/pet-to-you-mobile/node_modules/@babel/core/lib/config/config-chain.js:316:14)
    at chainWalker.next (<anonymous>)
    at loadFileChain (/Users/ryansong/Desktop/DEV/Pet_to_You/pet-to-you-mobile/node_modules/@babel/core/lib/config/config-chain.js:191:24)
    at loadFileChain.next (<anonymous>)
    at mergeExtendsChain (/Users/ryansong/Desktop/DEV/Pet_to_You/pet-to-you-mobile/node_modules/@babel/core/lib/config/config-chain.js:328:28)
    at mergeExtendsChain.next (<anonymous>)
    at chainWalker (/Users/ryansong/Desktop/DEV/Pet_to_You/pet-to-you-mobile/node_modules/@babel/core/lib/config/config-chain.js:312:20)
    at chainWalker.next (<anonymous>)
    at buildRootChain (/Users/ryansong/Desktop/DEV/Pet_to_You/pet-to-you-mobile/node_modules/@babel/core/lib/config/config-chain.js:56:36)
    at buildRootChain.next (<anonymous>)
    at loadPrivatePartialConfig (/Users/ryansong/Desktop/DEV/Pet_to_You/pet-to-you-mobile/node_modules/@babel/core/lib/config/partial.js:72:62)
    at loadPrivatePartialConfig.next (<anonymous>)
    at loadFullConfig (/Users/ryansong/Desktop/DEV/Pet_to_You/pet-to-you-mobile/node_modules/@babel/core/lib/config/full.js:36:46)
    at loadFullConfig.next (<anonymous>)
    at transform (/Users/ryansong/Desktop/DEV/Pet_to_You/pet-to-you-mobile/node_modules/@babel/core/lib/transform.js:20:44)
    at transform.next (<anonymous>)
    at evaluateSync (/Users/ryansong/Desktop/DEV/Pet_to_You/pet-to-you-mobile/node_modules/gensync/index.js:251:28)
    at sync (/Users/ryansong/Desktop/DEV/Pet_to_You/pet-to-you-mobile/node_modules/gensync/index.js:89:14)
    at stopHiding - secret - don't use this - v1 (/Users/ryansong/Desktop/DEV/Pet_to_You/pet-to-you-mobile/node_modules/@babel/core/lib/errors/rewrite-stack-trace.js:47:12)
    at Object.transformSync (/Users/ryansong/Desktop/DEV/Pet_to_You/pet-to-you-mobile/node_modules/@babel/core/lib/transform.js:40:76)
    at parseWithBabel (/Users/ryansong/Desktop/DEV/Pet_to_You/pet-to-you-mobile/node_modules/expo/node_modules/@expo/metro-config/build/transformSync.js:75:18)
    at transformSync (/Users/ryansong/Desktop/DEV/Pet_to_You/pet-to-you-mobile/node_modules/expo/node_modules/@expo/metro-config/build/transformSync.js:54:16)
    at Object.transform (/Users/ryansong/Desktop/DEV/Pet_to_You/pet-to-you-mobile/node_modules/expo/node_modules/@expo/metro-config/build/babel-transformer.js:127:58)
    at transformJSWithBabel (/Users/ryansong/Desktop/DEV/Pet_to_You/pet-to-you-mobile/node_modules/expo/node_modules/@expo/metro-config/build/transform-worker/metro-transform-worker.js:468:47)
    at Object.transform (/Users/ryansong/Desktop/DEV/Pet_to_You/pet-to-you-mobile/node_modules/expo/node_modules/@expo/metro-config/build/transform-worker/metro-transform-worker.js:583:12)
    at Object.transform (/Users/ryansong/Desktop/DEV/Pet_to_You/pet-to-you-mobile/node_modules/expo/node_modules/@expo/metro-config/build/transform-worker/transform-worker.js:178:19)
